# JRE version: OpenJDK Runtime Environment Temurin-17.0.8+7 (17.0.8+7) (build 17.0.8+7)
# Java VM: OpenJDK 64-Bit Server VM Temurin-17.0.8+7 (17.0.8+7, mixed mode, sharing, tiered, compressed oops, compressed class ptrs, g1 gc, linux-amd64)
GC Precious Log:
 CPUs: 8 total, 8 available
 Memory: 15862M
 Large Page Support: Disabled
 NUMA Support: Disabled
 Compressed Oops: Enabled (Zero based)
 Heap Region Size: 2M
 Heap Min Capacity: 8M
 Heap Initial Capacity: 248M
 Heap Max Capacity: 3966M
 Pre-touch: Disabled
 Parallel Workers: 8
 Concurrent Workers: 2
 Concurrent Refinement Workers: 8
 Periodic GC: Disabled
Heap:
 garbage-first heap   total 98304K, used 68695K [0x0000000708200000, 0x0000000800000000)
  region size 2048K, 13 young (26624K), 1 survivors (2048K)
 Metaspace       used 48633K, committed 49856K, reserved 1114112K
  class space    used 6245K, committed 6784K, reserved 1048576K
GC Heap History (20 events):
Event: 4,178 GC heap before
{Heap before GC invocations=9 (full 0):
 garbage-first heap   total 98304K, used 39909K [0x0000000708200000, 0x0000000800000000)
  region size 2048K, 5 young (10240K), 4 survivors (8192K)
 Metaspace       used 37554K, committed 38720K, reserved 1114112K
  class space    used 4672K, committed 5184K, reserved 1048576K
}
Event: 4,184 GC heap after
{Heap after GC invocations=10 (full 0):
 garbage-first heap   total 98304K, used 40113K [0x0000000708200000, 0x0000000800000000)
  region size 2048K, 1 young (2048K), 1 survivors (2048K)
 Metaspace       used 37554K, committed 38720K, reserved 1114112K
  class space    used 4672K, committed 5184K, reserved 1048576K
}
Event: 5,042 GC heap before
{Heap before GC invocations=10 (full 0):
 garbage-first heap   total 98304K, used 68785K [0x0000000708200000, 0x0000000800000000)
  region size 2048K, 15 young (30720K), 1 survivors (2048K)
 Metaspace       used 43701K, committed 44864K, reserved 1114112K
  class space    used 5768K, committed 6272K, reserved 1048576K
}
Event: 5,047 GC heap after
{Heap after GC invocations=11 (full 0):
 garbage-first heap   total 98304K, used 43928K [0x0000000708200000, 0x0000000800000000)
  region size 2048K, 2 young (4096K), 2 survivors (4096K)
 Metaspace       used 43701K, committed 44864K, reserved 1114112K
  class space    used 5768K, committed 6272K, reserved 1048576K
}
Event: 11,026 GC heap before
{Heap before GC invocations=11 (full 0):
 garbage-first heap   total 98304K, used 70552K [0x0000000708200000, 0x0000000800000000)
  region size 2048K, 15 young (30720K), 2 survivors (4096K)
 Metaspace       used 46643K, committed 47936K, reserved 1114112K
  class space    used 6139K, committed 6720K, reserved 1048576K
}
Event: 11,032 GC heap after
{Heap after GC invocations=12 (full 0):
 garbage-first heap   total 98304K, used 45608K [0x0000000708200000, 0x0000000800000000)
  region size 2048K, 1 young (2048K), 1 survivors (2048K)
 Metaspace       used 46643K, committed 47936K, reserved 1114112K
  class space    used 6139K, committed 6720K, reserved 1048576K
}
Event: 41,534 GC heap before
{Heap before GC invocations=12 (full 0):
 garbage-first heap   total 98304K, used 70184K [0x0000000708200000, 0x0000000800000000)
  region size 2048K, 14 young (28672K), 1 survivors (2048K)
 Metaspace       used 47204K, committed 48512K, reserved 1114112K
  class space    used 6203K, committed 6784K, reserved 1048576K
}
Event: 41,541 GC heap after
{Heap after GC invocations=13 (full 0):
 garbage-first heap   total 98304K, used 45851K [0x0000000708200000, 0x0000000800000000)
  region size 2048K, 1 young (2048K), 1 survivors (2048K)
 Metaspace       used 47204K, committed 48512K, reserved 1114112K
  class space    used 6203K, committed 6784K, reserved 1048576K
}
Event: 303,105 GC heap before
{Heap before GC invocations=14 (full 0):
 garbage-first heap   total 98304K, used 74523K [0x0000000708200000, 0x0000000800000000)
  region size 2048K, 15 young (30720K), 1 survivors (2048K)
 Metaspace       used 47684K, committed 48960K, reserved 1114112K
  class space    used 6245K, committed 6784K, reserved 1048576K
}
Event: 303,112 GC heap after
{Heap after GC invocations=15 (full 0):
 garbage-first heap   total 98304K, used 46699K [0x0000000708200000, 0x0000000800000000)
  region size 2048K, 2 young (4096K), 2 survivors (4096K)
 Metaspace       used 47684K, committed 48960K, reserved 1114112K
  class space    used 6245K, committed 6784K, reserved 1048576K
}
Event: 14288,763 GC heap before
{Heap before GC invocations=15 (full 0):
 garbage-first heap   total 98304K, used 73323K [0x0000000708200000, 0x0000000800000000)
  region size 2048K, 15 young (30720K), 2 survivors (4096K)
 Metaspace       used 47858K, committed 49152K, reserved 1114112K
  class space    used 6246K, committed 6784K, reserved 1048576K
}
Event: 14288,765 GC heap after
{Heap after GC invocations=16 (full 0):
 garbage-first heap   total 98304K, used 46196K [0x0000000708200000, 0x0000000800000000)
  region size 2048K, 1 young (2048K), 1 survivors (2048K)
 Metaspace       used 47858K, committed 49152K, reserved 1114112K
  class space    used 6246K, committed 6784K, reserved 1048576K
}
Event: 15752,817 GC heap before
{Heap before GC invocations=17 (full 0):
 garbage-first heap   total 98304K, used 74868K [0x0000000708200000, 0x0000000800000000)
  region size 2048K, 15 young (30720K), 1 survivors (2048K)
 Metaspace       used 47914K, committed 49152K, reserved 1114112K
  class space    used 6218K, committed 6784K, reserved 1048576K
}
Event: 15752,827 GC heap after
{Heap after GC invocations=18 (full 0):
 garbage-first heap   total 98304K, used 46155K [0x0000000708200000, 0x0000000800000000)
  region size 2048K, 1 young (2048K), 1 survivors (2048K)
 Metaspace       used 47914K, committed 49152K, reserved 1114112K
  class space    used 6218K, committed 6784K, reserved 1048576K
}
Event: 15969,130 GC heap before
{Heap before GC invocations=18 (full 0):
 garbage-first heap   total 98304K, used 76875K [0x0000000708200000, 0x0000000800000000)
  region size 2048K, 16 young (32768K), 1 survivors (2048K)
 Metaspace       used 48042K, committed 49280K, reserved 1114112K
  class space    used 6220K, committed 6784K, reserved 1048576K
}
Event: 15969,133 GC heap after
{Heap after GC invocations=19 (full 0):
 garbage-first heap   total 98304K, used 46083K [0x0000000708200000, 0x0000000800000000)
  region size 2048K, 1 young (2048K), 1 survivors (2048K)
 Metaspace       used 48042K, committed 49280K, reserved 1114112K
  class space    used 6220K, committed 6784K, reserved 1048576K
}
Event: 15982,578 GC heap before
{Heap before GC invocations=20 (full 0):
 garbage-first heap   total 98304K, used 76803K [0x0000000708200000, 0x0000000800000000)
  region size 2048K, 16 young (32768K), 1 survivors (2048K)
 Metaspace       used 48243K, committed 49408K, reserved 1114112K
  class space    used 6229K, committed 6784K, reserved 1048576K
}
Event: 15982,580 GC heap after
{Heap after GC invocations=21 (full 0):
 garbage-first heap   total 98304K, used 46157K [0x0000000708200000, 0x0000000800000000)
  region size 2048K, 1 young (2048K), 1 survivors (2048K)
 Metaspace       used 48243K, committed 49408K, reserved 1114112K
  class space    used 6229K, committed 6784K, reserved 1048576K
}
Event: 15989,211 GC heap before
{Heap before GC invocations=21 (full 0):
 garbage-first heap   total 98304K, used 78925K [0x0000000708200000, 0x0000000800000000)
  region size 2048K, 17 young (34816K), 1 survivors (2048K)
 Metaspace       used 48450K, committed 49664K, reserved 1114112K
  class space    used 6229K, committed 6784K, reserved 1048576K
}
Event: 15989,214 GC heap after
{Heap after GC invocations=22 (full 0):
 garbage-first heap   total 98304K, used 46167K [0x0000000708200000, 0x0000000800000000)
  region size 2048K, 1 young (2048K), 1 survivors (2048K)
 Metaspace       used 48450K, committed 49664K, reserved 1114112K
  class space    used 6229K, committed 6784K, reserved 1048576K
}

